# JRE version: OpenJDK Runtime Environment (11.0.8+10) (build 11.0.8+10-b944.6842174)
# Java VM: OpenJDK 64-Bit Server VM (11.0.8+10-b944.6842174, mixed mode, tiered, compressed oops, g1 gc, windows-amd64)
Heap:
 garbage-first heap   total 204800K, used 113312K [0x0000000080000000, 0x0000000100000000)
  region size 1024K, 7 young (7168K), 3 survivors (3072K)
 Metaspace       used 117547K, capacity 122128K, committed 122320K, reserved 1155072K
  class space    used 14812K, capacity 16460K, committed 16512K, reserved 1048576K
GC Heap History (20 events):
Event: 5338.487 GC heap before
{Heap before GC invocations=325 (full 0):
 garbage-first heap   total 204800K, used 167114K [0x0000000080000000, 0x0000000100000000)
  region size 1024K, 64 young (65536K), 1 survivors (1024K)
 Metaspace       used 117183K, capacity 121790K, committed 122064K, reserved 1155072K
  class space    used 14801K, capacity 16448K, committed 16512K, reserved 1048576K
}
Event: 5338.518 GC heap after
{Heap after GC invocations=326 (full 0):
 garbage-first heap   total 204800K, used 105248K [0x0000000080000000, 0x0000000100000000)
  region size 1024K, 3 young (3072K), 3 survivors (3072K)
 Metaspace       used 117183K, capacity 121790K, committed 122064K, reserved 1155072K
  class space    used 14801K, capacity 16448K, committed 16512K, reserved 1048576K
}
Event: 5340.678 GC heap before
{Heap before GC invocations=327 (full 0):
 garbage-first heap   total 204800K, used 154400K [0x0000000080000000, 0x0000000100000000)
  region size 1024K, 53 young (54272K), 3 survivors (3072K)
 Metaspace       used 117235K, capacity 121845K, committed 122064K, reserved 1155072K
  class space    used 14806K, capacity 16457K, committed 16512K, reserved 1048576K
}
Event: 5340.694 GC heap after
{Heap after GC invocations=328 (full 0):
 garbage-first heap   total 204800K, used 104650K [0x0000000080000000, 0x0000000100000000)
  region size 1024K, 2 young (2048K), 2 survivors (2048K)
 Metaspace       used 117235K, capacity 121845K, committed 122064K, reserved 1155072K
  class space    used 14806K, capacity 16457K, committed 16512K, reserved 1048576K
}
Event: 5406.710 GC heap before
{Heap before GC invocations=329 (full 0):
 garbage-first heap   total 204800K, used 193738K [0x0000000080000000, 0x0000000100000000)
  region size 1024K, 64 young (65536K), 2 survivors (2048K)
 Metaspace       used 117362K, capacity 121993K, committed 122064K, reserved 1155072K
  class space    used 14811K, capacity 16460K, committed 16512K, reserved 1048576K
}
Event: 5406.747 GC heap after
{Heap after GC invocations=330 (full 0):
 garbage-first heap   total 204800K, used 109336K [0x0000000080000000, 0x0000000100000000)
  region size 1024K, 7 young (7168K), 7 survivors (7168K)
 Metaspace       used 117362K, capacity 121993K, committed 122064K, reserved 1155072K
  class space    used 14811K, capacity 16460K, committed 16512K, reserved 1048576K
}
Event: 5408.603 GC heap before
{Heap before GC invocations=330 (full 0):
 garbage-first heap   total 204800K, used 168728K [0x0000000080000000, 0x0000000100000000)
  region size 1024K, 66 young (67584K), 7 survivors (7168K)
 Metaspace       used 117363K, capacity 121993K, committed 122064K, reserved 1155072K
  class space    used 14811K, capacity 16460K, committed 16512K, reserved 1048576K
}
Event: 5408.690 GC heap after
{Heap after GC invocations=331 (full 0):
 garbage-first heap   total 204800K, used 111055K [0x0000000080000000, 0x0000000100000000)
  region size 1024K, 2 young (2048K), 2 survivors (2048K)
 Metaspace       used 117363K, capacity 121993K, committed 122064K, reserved 1155072K
  class space    used 14811K, capacity 16460K, committed 16512K, reserved 1048576K
}
Event: 5426.622 GC heap before
{Heap before GC invocations=332 (full 0):
 garbage-first heap   total 204800K, used 170447K [0x0000000080000000, 0x0000000100000000)
  region size 1024K, 61 young (62464K), 2 survivors (2048K)
 Metaspace       used 117390K, capacity 122057K, committed 122320K, reserved 1155072K
  class space    used 14811K, capacity 16460K, committed 16512K, reserved 1048576K
}
Event: 5426.652 GC heap after
{Heap after GC invocations=333 (full 0):
 garbage-first heap   total 204800K, used 112325K [0x0000000080000000, 0x0000000100000000)
  region size 1024K, 4 young (4096K), 4 survivors (4096K)
 Metaspace       used 117390K, capacity 122057K, committed 122320K, reserved 1155072K
  class space    used 14811K, capacity 16460K, committed 16512K, reserved 1048576K
}
Event: 5427.119 GC heap before
{Heap before GC invocations=333 (full 0):
 garbage-first heap   total 204800K, used 117445K [0x0000000080000000, 0x0000000100000000)
  region size 1024K, 10 young (10240K), 4 survivors (4096K)
 Metaspace       used 117390K, capacity 122057K, committed 122320K, reserved 1155072K
  class space    used 14811K, capacity 16460K, committed 16512K, reserved 1048576K
}
Event: 5427.156 GC heap after
{Heap after GC invocations=334 (full 0):
 garbage-first heap   total 204800K, used 103581K [0x0000000080000000, 0x0000000100000000)
  region size 1024K, 1 young (1024K), 1 survivors (1024K)
 Metaspace       used 117390K, capacity 122057K, committed 122320K, reserved 1155072K
  class space    used 14811K, capacity 16460K, committed 16512K, reserved 1048576K
}
Event: 5433.022 GC heap before
{Heap before GC invocations=334 (full 0):
 garbage-first heap   total 204800K, used 167069K [0x0000000080000000, 0x0000000100000000)
  region size 1024K, 64 young (65536K), 1 survivors (1024K)
 Metaspace       used 117422K, capacity 122062K, committed 122320K, reserved 1155072K
  class space    used 14811K, capacity 16460K, committed 16512K, reserved 1048576K
}
Event: 5433.046 GC heap after
{Heap after GC invocations=335 (full 0):
 garbage-first heap   total 204800K, used 104382K [0x0000000080000000, 0x0000000100000000)
  region size 1024K, 2 young (2048K), 2 survivors (2048K)
 Metaspace       used 117422K, capacity 122062K, committed 122320K, reserved 1155072K
  class space    used 14811K, capacity 16460K, committed 16512K, reserved 1048576K
}
Event: 5786.623 GC heap before
{Heap before GC invocations=336 (full 0):
 garbage-first heap   total 204800K, used 194494K [0x0000000080000000, 0x0000000100000000)
  region size 1024K, 65 young (66560K), 2 survivors (2048K)
 Metaspace       used 117515K, capacity 122128K, committed 122320K, reserved 1155072K
  class space    used 14812K, capacity 16460K, committed 16512K, reserved 1048576K
}
Event: 5786.648 GC heap after
{Heap after GC invocations=337 (full 0):
 garbage-first heap   total 204800K, used 108064K [0x0000000080000000, 0x0000000100000000)
  region size 1024K, 5 young (5120K), 5 survivors (5120K)
 Metaspace       used 117515K, capacity 122128K, committed 122320K, reserved 1155072K
  class space    used 14812K, capacity 16460K, committed 16512K, reserved 1048576K
}
Event: 5786.986 GC heap before
{Heap before GC invocations=337 (full 0):
 garbage-first heap   total 204800K, used 113184K [0x0000000080000000, 0x0000000100000000)
  region size 1024K, 10 young (10240K), 5 survivors (5120K)
 Metaspace       used 117522K, capacity 122128K, committed 122320K, reserved 1155072K
  class space    used 14812K, capacity 16460K, committed 16512K, reserved 1048576K
}
Event: 5787.015 GC heap after
{Heap after GC invocations=338 (full 0):
 garbage-first heap   total 204800K, used 108788K [0x0000000080000000, 0x0000000100000000)
  region size 1024K, 2 young (2048K), 2 survivors (2048K)
 Metaspace       used 117522K, capacity 122128K, committed 122320K, reserved 1155072K
  class space    used 14812K, capacity 16460K, committed 16512K, reserved 1048576K
}
Event: 5789.640 GC heap before
{Heap before GC invocations=338 (full 0):
 garbage-first heap   total 204800K, used 169204K [0x0000000080000000, 0x0000000100000000)
  region size 1024K, 62 young (63488K), 2 survivors (2048K)
 Metaspace       used 117546K, capacity 122128K, committed 122320K, reserved 1155072K
  class space    used 14812K, capacity 16460K, committed 16512K, reserved 1048576K
}
Event: 5789.671 GC heap after
{Heap after GC invocations=339 (full 0):
 garbage-first heap   total 204800K, used 110240K [0x0000000080000000, 0x0000000100000000)
  region size 1024K, 3 young (3072K), 3 survivors (3072K)
 Metaspace       used 117546K, capacity 122128K, committed 122320K, reserved 1155072K
  class space    used 14812K, capacity 16460K, committed 16512K, reserved 1048576K
}

